<?xml version="1.0" encoding="UTF-8"?>
<testsuite xmlns:xsi="http://www.w3.org/2001/XMLSchema-instance" xsi:noNamespaceSchemaLocation="https://maven.apache.org/surefire/maven-surefire-plugin/xsd/surefire-test-report-3.0.xsd" version="3.0" name="test.PUTSimulacoesTest" time="3.89" tests="18" errors="0" skipped="0" failures="0">
  <properties>
    <property name="java.specification.version" value="17"/>
    <property name="sun.cpu.isalist" value="amd64"/>
    <property name="sun.jnu.encoding" value="Cp1252"/>
    <property name="java.class.path" value="C:\Users\Usuário\Documents\Eclipse-Workspace\ChallengeFinal_PB\target\test-classes;C:\Users\Usuário\Documents\Eclipse-Workspace\ChallengeFinal_PB\target\classes;C:\Users\Usuário\.m2\repository\org\junit\jupiter\junit-jupiter-engine\5.10.0\junit-jupiter-engine-5.10.0.jar;C:\Users\Usuário\.m2\repository\org\junit\platform\junit-platform-engine\1.10.0\junit-platform-engine-1.10.0.jar;C:\Users\Usuário\.m2\repository\org\opentest4j\opentest4j\1.3.0\opentest4j-1.3.0.jar;C:\Users\Usuário\.m2\repository\org\junit\platform\junit-platform-commons\1.10.0\junit-platform-commons-1.10.0.jar;C:\Users\Usuário\.m2\repository\org\junit\jupiter\junit-jupiter-api\5.10.0\junit-jupiter-api-5.10.0.jar;C:\Users\Usuário\.m2\repository\org\apiguardian\apiguardian-api\1.1.2\apiguardian-api-1.1.2.jar;C:\Users\Usuário\.m2\repository\io\rest-assured\rest-assured\4.4.0\rest-assured-4.4.0.jar;C:\Users\Usuário\.m2\repository\org\codehaus\groovy\groovy\3.0.8\groovy-3.0.8.jar;C:\Users\Usuário\.m2\repository\org\codehaus\groovy\groovy-xml\3.0.8\groovy-xml-3.0.8.jar;C:\Users\Usuário\.m2\repository\org\apache\httpcomponents\httpclient\4.5.13\httpclient-4.5.13.jar;C:\Users\Usuário\.m2\repository\org\apache\httpcomponents\httpcore\4.4.13\httpcore-4.4.13.jar;C:\Users\Usuário\.m2\repository\commons-logging\commons-logging\1.2\commons-logging-1.2.jar;C:\Users\Usuário\.m2\repository\commons-codec\commons-codec\1.11\commons-codec-1.11.jar;C:\Users\Usuário\.m2\repository\org\apache\httpcomponents\httpmime\4.5.13\httpmime-4.5.13.jar;C:\Users\Usuário\.m2\repository\org\hamcrest\hamcrest\2.1\hamcrest-2.1.jar;C:\Users\Usuário\.m2\repository\org\ccil\cowan\tagsoup\tagsoup\1.2.1\tagsoup-1.2.1.jar;C:\Users\Usuário\.m2\repository\io\rest-assured\json-path\4.4.0\json-path-4.4.0.jar;C:\Users\Usuário\.m2\repository\org\codehaus\groovy\groovy-json\3.0.8\groovy-json-3.0.8.jar;C:\Users\Usuário\.m2\repository\io\rest-assured\rest-assured-common\4.4.0\rest-assured-common-4.4.0.jar;C:\Users\Usuário\.m2\repository\io\rest-assured\xml-path\4.4.0\xml-path-4.4.0.jar;C:\Users\Usuário\.m2\repository\jakarta\xml\bind\jakarta.xml.bind-api\2.3.3\jakarta.xml.bind-api-2.3.3.jar;C:\Users\Usuário\.m2\repository\jakarta\activation\jakarta.activation-api\1.2.2\jakarta.activation-api-1.2.2.jar;C:\Users\Usuário\.m2\repository\com\sun\xml\bind\jaxb-impl\2.3.3\jaxb-impl-2.3.3.jar;C:\Users\Usuário\.m2\repository\org\projectlombok\lombok\1.18.28\lombok-1.18.28.jar;C:\Users\Usuário\.m2\repository\com\fasterxml\jackson\core\jackson-core\2.15.2\jackson-core-2.15.2.jar;C:\Users\Usuário\.m2\repository\com\fasterxml\jackson\core\jackson-databind\2.15.2\jackson-databind-2.15.2.jar;C:\Users\Usuário\.m2\repository\com\fasterxml\jackson\core\jackson-annotations\2.15.2\jackson-annotations-2.15.2.jar;C:\Users\Usuário\.m2\repository\com\github\javafaker\javafaker\1.0.2\javafaker-1.0.2.jar;C:\Users\Usuário\.m2\repository\org\apache\commons\commons-lang3\3.5\commons-lang3-3.5.jar;C:\Users\Usuário\.m2\repository\org\yaml\snakeyaml\1.23\snakeyaml-1.23-android.jar;C:\Users\Usuário\.m2\repository\com\github\mifmif\generex\1.0.2\generex-1.0.2.jar;C:\Users\Usuário\.m2\repository\dk\brics\automaton\automaton\1.11-8\automaton-1.11-8.jar;C:\Users\Usuário\.m2\repository\io\rest-assured\json-schema-validator\5.3.0\json-schema-validator-5.3.0.jar;C:\Users\Usuário\.m2\repository\com\github\java-json-tools\json-schema-validator\2.2.14\json-schema-validator-2.2.14.jar;C:\Users\Usuário\.m2\repository\com\google\guava\guava\28.2-android\guava-28.2-android.jar;C:\Users\Usuário\.m2\repository\com\google\guava\failureaccess\1.0.1\failureaccess-1.0.1.jar;C:\Users\Usuário\.m2\repository\com\google\guava\listenablefuture\9999.0-empty-to-avoid-conflict-with-guava\listenablefuture-9999.0-empty-to-avoid-conflict-with-guava.jar;C:\Users\Usuário\.m2\repository\org\checkerframework\checker-compat-qual\2.5.5\checker-compat-qual-2.5.5.jar;C:\Users\Usuário\.m2\repository\com\google\errorprone\error_prone_annotations\2.3.4\error_prone_annotations-2.3.4.jar;C:\Users\Usuário\.m2\repository\com\google\j2objc\j2objc-annotations\1.3\j2objc-annotations-1.3.jar;C:\Users\Usuário\.m2\repository\com\github\java-json-tools\jackson-coreutils-equivalence\1.0\jackson-coreutils-equivalence-1.0.jar;C:\Users\Usuário\.m2\repository\com\github\java-json-tools\jackson-coreutils\2.0\jackson-coreutils-2.0.jar;C:\Users\Usuário\.m2\repository\com\github\java-json-tools\msg-simple\1.2\msg-simple-1.2.jar;C:\Users\Usuário\.m2\repository\com\github\java-json-tools\btf\1.3\btf-1.3.jar;C:\Users\Usuário\.m2\repository\com\github\java-json-tools\json-schema-core\1.2.14\json-schema-core-1.2.14.jar;C:\Users\Usuário\.m2\repository\com\github\java-json-tools\uri-template\0.10\uri-template-0.10.jar;C:\Users\Usuário\.m2\repository\org\mozilla\rhino\1.7.7.2\rhino-1.7.7.2.jar;C:\Users\Usuário\.m2\repository\com\sun\mail\mailapi\1.6.2\mailapi-1.6.2.jar;C:\Users\Usuário\.m2\repository\joda-time\joda-time\2.10.5\joda-time-2.10.5.jar;C:\Users\Usuário\.m2\repository\com\googlecode\libphonenumber\libphonenumber\8.11.1\libphonenumber-8.11.1.jar;C:\Users\Usuário\.m2\repository\com\google\code\findbugs\jsr305\3.0.2\jsr305-3.0.2.jar;C:\Users\Usuário\.m2\repository\net\sf\jopt-simple\jopt-simple\5.0.4\jopt-simple-5.0.4.jar;C:\Users\Usuário\.m2\repository\com\google\code\gson\gson\2.10.1\gson-2.10.1.jar;C:\Users\Usuário\.m2\repository\io\qameta\allure\allure-junit5\2.18.1\allure-junit5-2.18.1.jar;C:\Users\Usuário\.m2\repository\io\qameta\allure\allure-junit-platform\2.18.1\allure-junit-platform-2.18.1.jar;C:\Users\Usuário\.m2\repository\io\qameta\allure\allure-java-commons\2.18.1\allure-java-commons-2.18.1.jar;C:\Users\Usuário\.m2\repository\io\qameta\allure\allure-model\2.18.1\allure-model-2.18.1.jar;C:\Users\Usuário\.m2\repository\io\qameta\allure\allure-test-filter\2.18.1\allure-test-filter-2.18.1.jar;C:\Users\Usuário\.m2\repository\org\junit\platform\junit-platform-launcher\1.8.2\junit-platform-launcher-1.8.2.jar;C:\Users\Usuário\.m2\repository\org\slf4j\slf4j-api\1.7.36\slf4j-api-1.7.36.jar;C:\Users\Usuário\.m2\repository\org\slf4j\slf4j-simple\1.7.36\slf4j-simple-1.7.36.jar;"/>
    <property name="java.vm.vendor" value="Oracle Corporation"/>
    <property name="sun.arch.data.model" value="64"/>
    <property name="user.variant" value=""/>
    <property name="java.vendor.url" value="https://java.oracle.com/"/>
    <property name="user.timezone" value="America/Sao_Paulo"/>
    <property name="os.name" value="Windows 10"/>
    <property name="java.vm.specification.version" value="17"/>
    <property name="sun.java.launcher" value="SUN_STANDARD"/>
    <property name="user.country" value="BR"/>
    <property name="sun.boot.library.path" value="H:\Arquivos de Programas (x86)\Java\jdk-17\bin"/>
    <property name="sun.java.command" value="C:\Users\Usuário\AppData\Local\Temp\surefire8030981316476722066\surefirebooter-20230811153827336_3.jar C:\Users\Usuário\AppData\Local\Temp\surefire8030981316476722066 2023-08-11T15-38-26_585-jvmRun1 surefire-20230811153827336_1tmp surefire_0-20230811153827336_2tmp"/>
    <property name="jdk.debug" value="release"/>
    <property name="test" value="test/**"/>
    <property name="surefire.test.class.path" value="C:\Users\Usuário\Documents\Eclipse-Workspace\ChallengeFinal_PB\target\test-classes;C:\Users\Usuário\Documents\Eclipse-Workspace\ChallengeFinal_PB\target\classes;C:\Users\Usuário\.m2\repository\org\junit\jupiter\junit-jupiter-engine\5.10.0\junit-jupiter-engine-5.10.0.jar;C:\Users\Usuário\.m2\repository\org\junit\platform\junit-platform-engine\1.10.0\junit-platform-engine-1.10.0.jar;C:\Users\Usuário\.m2\repository\org\opentest4j\opentest4j\1.3.0\opentest4j-1.3.0.jar;C:\Users\Usuário\.m2\repository\org\junit\platform\junit-platform-commons\1.10.0\junit-platform-commons-1.10.0.jar;C:\Users\Usuário\.m2\repository\org\junit\jupiter\junit-jupiter-api\5.10.0\junit-jupiter-api-5.10.0.jar;C:\Users\Usuário\.m2\repository\org\apiguardian\apiguardian-api\1.1.2\apiguardian-api-1.1.2.jar;C:\Users\Usuário\.m2\repository\io\rest-assured\rest-assured\4.4.0\rest-assured-4.4.0.jar;C:\Users\Usuário\.m2\repository\org\codehaus\groovy\groovy\3.0.8\groovy-3.0.8.jar;C:\Users\Usuário\.m2\repository\org\codehaus\groovy\groovy-xml\3.0.8\groovy-xml-3.0.8.jar;C:\Users\Usuário\.m2\repository\org\apache\httpcomponents\httpclient\4.5.13\httpclient-4.5.13.jar;C:\Users\Usuário\.m2\repository\org\apache\httpcomponents\httpcore\4.4.13\httpcore-4.4.13.jar;C:\Users\Usuário\.m2\repository\commons-logging\commons-logging\1.2\commons-logging-1.2.jar;C:\Users\Usuário\.m2\repository\commons-codec\commons-codec\1.11\commons-codec-1.11.jar;C:\Users\Usuário\.m2\repository\org\apache\httpcomponents\httpmime\4.5.13\httpmime-4.5.13.jar;C:\Users\Usuário\.m2\repository\org\hamcrest\hamcrest\2.1\hamcrest-2.1.jar;C:\Users\Usuário\.m2\repository\org\ccil\cowan\tagsoup\tagsoup\1.2.1\tagsoup-1.2.1.jar;C:\Users\Usuário\.m2\repository\io\rest-assured\json-path\4.4.0\json-path-4.4.0.jar;C:\Users\Usuário\.m2\repository\org\codehaus\groovy\groovy-json\3.0.8\groovy-json-3.0.8.jar;C:\Users\Usuário\.m2\repository\io\rest-assured\rest-assured-common\4.4.0\rest-assured-common-4.4.0.jar;C:\Users\Usuário\.m2\repository\io\rest-assured\xml-path\4.4.0\xml-path-4.4.0.jar;C:\Users\Usuário\.m2\repository\jakarta\xml\bind\jakarta.xml.bind-api\2.3.3\jakarta.xml.bind-api-2.3.3.jar;C:\Users\Usuário\.m2\repository\jakarta\activation\jakarta.activation-api\1.2.2\jakarta.activation-api-1.2.2.jar;C:\Users\Usuário\.m2\repository\com\sun\xml\bind\jaxb-impl\2.3.3\jaxb-impl-2.3.3.jar;C:\Users\Usuário\.m2\repository\org\projectlombok\lombok\1.18.28\lombok-1.18.28.jar;C:\Users\Usuário\.m2\repository\com\fasterxml\jackson\core\jackson-core\2.15.2\jackson-core-2.15.2.jar;C:\Users\Usuário\.m2\repository\com\fasterxml\jackson\core\jackson-databind\2.15.2\jackson-databind-2.15.2.jar;C:\Users\Usuário\.m2\repository\com\fasterxml\jackson\core\jackson-annotations\2.15.2\jackson-annotations-2.15.2.jar;C:\Users\Usuário\.m2\repository\com\github\javafaker\javafaker\1.0.2\javafaker-1.0.2.jar;C:\Users\Usuário\.m2\repository\org\apache\commons\commons-lang3\3.5\commons-lang3-3.5.jar;C:\Users\Usuário\.m2\repository\org\yaml\snakeyaml\1.23\snakeyaml-1.23-android.jar;C:\Users\Usuário\.m2\repository\com\github\mifmif\generex\1.0.2\generex-1.0.2.jar;C:\Users\Usuário\.m2\repository\dk\brics\automaton\automaton\1.11-8\automaton-1.11-8.jar;C:\Users\Usuário\.m2\repository\io\rest-assured\json-schema-validator\5.3.0\json-schema-validator-5.3.0.jar;C:\Users\Usuário\.m2\repository\com\github\java-json-tools\json-schema-validator\2.2.14\json-schema-validator-2.2.14.jar;C:\Users\Usuário\.m2\repository\com\google\guava\guava\28.2-android\guava-28.2-android.jar;C:\Users\Usuário\.m2\repository\com\google\guava\failureaccess\1.0.1\failureaccess-1.0.1.jar;C:\Users\Usuário\.m2\repository\com\google\guava\listenablefuture\9999.0-empty-to-avoid-conflict-with-guava\listenablefuture-9999.0-empty-to-avoid-conflict-with-guava.jar;C:\Users\Usuário\.m2\repository\org\checkerframework\checker-compat-qual\2.5.5\checker-compat-qual-2.5.5.jar;C:\Users\Usuário\.m2\repository\com\google\errorprone\error_prone_annotations\2.3.4\error_prone_annotations-2.3.4.jar;C:\Users\Usuário\.m2\repository\com\google\j2objc\j2objc-annotations\1.3\j2objc-annotations-1.3.jar;C:\Users\Usuário\.m2\repository\com\github\java-json-tools\jackson-coreutils-equivalence\1.0\jackson-coreutils-equivalence-1.0.jar;C:\Users\Usuário\.m2\repository\com\github\java-json-tools\jackson-coreutils\2.0\jackson-coreutils-2.0.jar;C:\Users\Usuário\.m2\repository\com\github\java-json-tools\msg-simple\1.2\msg-simple-1.2.jar;C:\Users\Usuário\.m2\repository\com\github\java-json-tools\btf\1.3\btf-1.3.jar;C:\Users\Usuário\.m2\repository\com\github\java-json-tools\json-schema-core\1.2.14\json-schema-core-1.2.14.jar;C:\Users\Usuário\.m2\repository\com\github\java-json-tools\uri-template\0.10\uri-template-0.10.jar;C:\Users\Usuário\.m2\repository\org\mozilla\rhino\1.7.7.2\rhino-1.7.7.2.jar;C:\Users\Usuário\.m2\repository\com\sun\mail\mailapi\1.6.2\mailapi-1.6.2.jar;C:\Users\Usuário\.m2\repository\joda-time\joda-time\2.10.5\joda-time-2.10.5.jar;C:\Users\Usuário\.m2\repository\com\googlecode\libphonenumber\libphonenumber\8.11.1\libphonenumber-8.11.1.jar;C:\Users\Usuário\.m2\repository\com\google\code\findbugs\jsr305\3.0.2\jsr305-3.0.2.jar;C:\Users\Usuário\.m2\repository\net\sf\jopt-simple\jopt-simple\5.0.4\jopt-simple-5.0.4.jar;C:\Users\Usuário\.m2\repository\com\google\code\gson\gson\2.10.1\gson-2.10.1.jar;C:\Users\Usuário\.m2\repository\io\qameta\allure\allure-junit5\2.18.1\allure-junit5-2.18.1.jar;C:\Users\Usuário\.m2\repository\io\qameta\allure\allure-junit-platform\2.18.1\allure-junit-platform-2.18.1.jar;C:\Users\Usuário\.m2\repository\io\qameta\allure\allure-java-commons\2.18.1\allure-java-commons-2.18.1.jar;C:\Users\Usuário\.m2\repository\io\qameta\allure\allure-model\2.18.1\allure-model-2.18.1.jar;C:\Users\Usuário\.m2\repository\io\qameta\allure\allure-test-filter\2.18.1\allure-test-filter-2.18.1.jar;C:\Users\Usuário\.m2\repository\org\junit\platform\junit-platform-launcher\1.8.2\junit-platform-launcher-1.8.2.jar;C:\Users\Usuário\.m2\repository\org\slf4j\slf4j-api\1.7.36\slf4j-api-1.7.36.jar;C:\Users\Usuário\.m2\repository\org\slf4j\slf4j-simple\1.7.36\slf4j-simple-1.7.36.jar;"/>
    <property name="allure.results.directory" value="C:\Users\Usuário\Documents\Eclipse-Workspace\ChallengeFinal_PB\target/allure-results"/>
    <property name="sun.cpu.endian" value="little"/>
    <property name="user.home" value="C:\Users\Usuário"/>
    <property name="user.language" value="pt"/>
    <property name="java.specification.vendor" value="Oracle Corporation"/>
    <property name="java.version.date" value="2023-04-18"/>
    <property name="java.home" value="H:\Arquivos de Programas (x86)\Java\jdk-17"/>
    <property name="file.separator" value="\"/>
    <property name="basedir" value="C:\Users\Usuário\Documents\Eclipse-Workspace\ChallengeFinal_PB"/>
    <property name="java.vm.compressedOopsMode" value="Zero based"/>
    <property name="line.separator" value="&#10;"/>
    <property name="java.vm.specification.vendor" value="Oracle Corporation"/>
    <property name="java.specification.name" value="Java Platform API Specification"/>
    <property name="surefire.real.class.path" value="C:\Users\Usuário\AppData\Local\Temp\surefire8030981316476722066\surefirebooter-20230811153827336_3.jar"/>
    <property name="user.script" value=""/>
    <property name="sun.management.compiler" value="HotSpot 64-Bit Tiered Compilers"/>
    <property name="java.runtime.version" value="17.0.7+8-LTS-224"/>
    <property name="user.name" value="Usuário"/>
    <property name="path.separator" value=";"/>
    <property name="os.version" value="10.0"/>
    <property name="java.runtime.name" value="Java(TM) SE Runtime Environment"/>
    <property name="file.encoding" value="Cp1252"/>
    <property name="java.vm.name" value="Java HotSpot(TM) 64-Bit Server VM"/>
    <property name="localRepository" value="C:\Users\Usuário\.m2\repository"/>
    <property name="java.vendor.url.bug" value="https://bugreport.java.com/bugreport/"/>
    <property name="java.io.tmpdir" value="C:\Users\USURIO~2\AppData\Local\Temp\"/>
    <property name="java.version" value="17.0.7"/>
    <property name="user.dir" value="C:\Users\Usuário\Documents\Eclipse-Workspace\ChallengeFinal_PB"/>
    <property name="os.arch" value="amd64"/>
    <property name="java.vm.specification.name" value="Java Virtual Machine Specification"/>
    <property name="env" value="local"/>
    <property name="sun.os.patch.level" value=""/>
    <property name="native.encoding" value="Cp1252"/>
    <property name="java.library.path" value="H:\Arquivos de Programas (x86)\Java\jdk-17\bin;C:\Windows\Sun\Java\bin;C:\Windows\system32;C:\Windows;C:\Users\Usuário\bin;H:\Arquivos de Programas (x86)\Git\mingw64\bin;H:\Arquivos de Programas (x86)\Git\usr\local\bin;H:\Arquivos de Programas (x86)\Git\usr\bin;H:\Arquivos de Programas (x86)\Git\usr\bin;H:\Arquivos de Programas (x86)\Git\mingw64\bin;H:\Arquivos de Programas (x86)\Git\usr\bin;C:\Users\Usuário\bin;C:\Program Files\Common Files\Oracle\Java\javapath;C:\Program Files (x86)\Common Files\Oracle\Java\javapath;C:\Windows\system32;C:\Windows;C:\Windows\System32\Wbem;C:\Windows\System32\WindowsPowerShell\v1.0;C:\Windows\System32\OpenSSH;C:\Program Files\NVIDIA Corporation\NVIDIA NvDLISR;C:\Program Files (x86)\NVIDIA Corporation\PhysX\Common;H:\Arquivos de Programas (x86)\Git\cmd;H:\Arquivos de Programas (x86)\NodeJS;H:\Arquivos de Programas (x86)\Maven\apache-maven-3.9.2\bin;H:\Arquivos de Programas (x86)\Java\jdk-17\bin;C:\Users\Usuário\AppData\Local\Microsoft\WindowsApps;H:\Arquivos de Programas (x86)\Microsoft VS Code\bin;C:\Users\Usuário\AppData\Roaming\npm;H:\Arquivos de Programas (x86)\Git\usr\bin\vendor_perl;H:\Arquivos de Programas (x86)\Git\usr\bin\core_perl;."/>
    <property name="junit.jupiter.extensions.autodetection.enabled" value="true"/>
    <property name="java.vm.info" value="mixed mode, sharing"/>
    <property name="java.vendor" value="Oracle Corporation"/>
    <property name="java.vm.version" value="17.0.7+8-LTS-224"/>
    <property name="sun.io.unicode.encoding" value="UnicodeLittle"/>
    <property name="java.class.version" value="61.0"/>
  </properties>
  <testcase name="naoAlterarAlgunsDadosValidosPorCaracteresEspeciais_BUG" classname="test.PUTSimulacoesTest" time="0.229">
    <system-out><![CDATA[HTTP/1.1 201 
Content-Type: application/json;charset=UTF-8
Transfer-Encoding: chunked
Date: Fri, 11 Aug 2023 18:38:50 GMT

{
    "id": 101,
    "nome": "Mrs. Pamala Veum",
    "cpf": "06883879224",
    "email": "luis.okon@hotmail.com",
    "valor": 10299,
    "parcelas": 18,
    "seguro": true
}
HTTP/1.1 200 
Content-Type: application/json;charset=UTF-8
Transfer-Encoding: chunked
Date: Fri, 11 Aug 2023 18:38:50 GMT

{
    "id": 101,
    "nome": "✇",
    "cpf": "✇",
    "email": "joaoqa✇@gmail.com",
    "valor": 10299.00,
    "parcelas": 46,
    "seguro": true
}
HTTP/1.1 200 
Content-Type: application/json;charset=UTF-8
Content-Length: 2
Date: Fri, 11 Aug 2023 18:38:50 GMT

OK
]]></system-out>
  </testcase>
  <testcase name="naoAlterarEmailPorEmailJaExistente_BUG" classname="test.PUTSimulacoesTest" time="0.398">
    <system-out><![CDATA[HTTP/1.1 201 
Content-Type: application/json;charset=UTF-8
Transfer-Encoding: chunked
Date: Fri, 11 Aug 2023 18:38:51 GMT

{
    "id": 102,
    "nome": "Rosetta Hodkiewicz III",
    "cpf": "23560326101",
    "email": "joaozinho@qa.com",
    "valor": 27811,
    "parcelas": 4,
    "seguro": true
}
HTTP/1.1 201 
Content-Type: application/json;charset=UTF-8
Transfer-Encoding: chunked
Date: Fri, 11 Aug 2023 18:38:51 GMT

{
    "id": 103,
    "nome": "Bruno Gerlach",
    "cpf": "01116281417",
    "email": "garry.lehner@hotmail.com",
    "valor": 3376,
    "parcelas": 40,
    "seguro": true
}
HTTP/1.1 200 
Content-Type: application/json;charset=UTF-8
Transfer-Encoding: chunked
Date: Fri, 11 Aug 2023 18:38:51 GMT

{
    "id": 103,
    "nome": "Mr. May Mills",
    "cpf": "45606142523",
    "email": "joaozinho@qa.com",
    "valor": 3376.00,
    "parcelas": 48,
    "seguro": true
}
HTTP/1.1 200 
Content-Type: application/json;charset=UTF-8
Content-Length: 2
Date: Fri, 11 Aug 2023 18:38:51 GMT

OK
HTTP/1.1 200 
Content-Type: application/json;charset=UTF-8
Content-Length: 2
Date: Fri, 11 Aug 2023 18:38:51 GMT

OK
]]></system-out>
  </testcase>
  <testcase name="naoAlterarALGUNSDadosValidosPorCampoVazio" classname="test.PUTSimulacoesTest" time="0.337">
    <system-out><![CDATA[HTTP/1.1 201 
Content-Type: application/json;charset=UTF-8
Transfer-Encoding: chunked
Date: Fri, 11 Aug 2023 18:38:51 GMT

{
    "id": 104,
    "nome": "Thaddeus Feil",
    "cpf": "12867964811",
    "email": "bobbye.altenwerth@gmail.com",
    "valor": 17081,
    "parcelas": 33,
    "seguro": true
}
HTTP/1.1 400 
Content-Type: application/json;charset=UTF-8
Transfer-Encoding: chunked
Date: Fri, 11 Aug 2023 18:38:51 GMT
Connection: close

{
    "erros": {
        "email": "E-mail deve ser um e-mail válido"
    }
}
HTTP/1.1 200 
Content-Type: application/json;charset=UTF-8
Content-Length: 2
Date: Fri, 11 Aug 2023 18:38:51 GMT

OK
]]></system-out>
  </testcase>
  <testcase name="naoAlterarPARCELAValidaPorOutraMaiorQue48_BUG" classname="test.PUTSimulacoesTest" time="0.345">
    <system-out><![CDATA[HTTP/1.1 201 
Content-Type: application/json;charset=UTF-8
Transfer-Encoding: chunked
Date: Fri, 11 Aug 2023 18:38:51 GMT

{
    "id": 105,
    "nome": "Juan Adams",
    "cpf": "38496286930",
    "email": "beth.pollich@hotmail.com",
    "valor": 39190,
    "parcelas": 15,
    "seguro": true
}
HTTP/1.1 200 
Content-Type: application/json;charset=UTF-8
Transfer-Encoding: chunked
Date: Fri, 11 Aug 2023 18:38:51 GMT

{
    "id": 105,
    "nome": "Lyndon Konopelski MD",
    "cpf": "56763740298",
    "email": "shizuko.mann@hotmail.com",
    "valor": 39190.00,
    "parcelas": 49,
    "seguro": true
}
HTTP/1.1 200 
Content-Type: application/json;charset=UTF-8
Content-Length: 2
Date: Fri, 11 Aug 2023 18:38:51 GMT

OK
]]></system-out>
  </testcase>
  <testcase name="naoAlterarTODOSDadosValidosPorCampoVazio" classname="test.PUTSimulacoesTest" time="0.225">
    <system-out><![CDATA[HTTP/1.1 201 
Content-Type: application/json;charset=UTF-8
Transfer-Encoding: chunked
Date: Fri, 11 Aug 2023 18:38:51 GMT

{
    "id": 106,
    "nome": "Cedric Aufderhar",
    "cpf": "39273451081",
    "email": "chet.satterfield@hotmail.com",
    "valor": 10611,
    "parcelas": 40,
    "seguro": true
}
HTTP/1.1 400 
Content-Type: application/json;charset=UTF-8
Transfer-Encoding: chunked
Date: Fri, 11 Aug 2023 18:38:52 GMT
Connection: close

{
    "erros": {
        "email": "E-mail deve ser um e-mail válido"
    }
}
HTTP/1.1 200 
Content-Type: application/json;charset=UTF-8
Content-Length: 2
Date: Fri, 11 Aug 2023 18:38:52 GMT

OK
]]></system-out>
  </testcase>
  <testcase name="naoAlterarSimulacaoInexistente" classname="test.PUTSimulacoesTest" time="0.095">
    <system-out><![CDATA[HTTP/1.1 404 
Content-Type: application/json;charset=UTF-8
Transfer-Encoding: chunked
Date: Fri, 11 Aug 2023 18:38:52 GMT

{
    "mensagem": "CPF 04912851086 não encontrado"
}
]]></system-out>
  </testcase>
  <testcase name="naoAlterarEmailValidoPorOutroSemArroba" classname="test.PUTSimulacoesTest" time="0.144">
    <system-out><![CDATA[HTTP/1.1 201 
Content-Type: application/json;charset=UTF-8
Transfer-Encoding: chunked
Date: Fri, 11 Aug 2023 18:38:52 GMT

{
    "id": 107,
    "nome": "Israel Ledner",
    "cpf": "80451038438",
    "email": "taylor.daniel@yahoo.com",
    "valor": 7660,
    "parcelas": 43,
    "seguro": true
}
HTTP/1.1 400 
Content-Type: application/json;charset=UTF-8
Transfer-Encoding: chunked
Date: Fri, 11 Aug 2023 18:38:52 GMT
Connection: close

{
    "erros": {
        "email": "E-mail deve ser um e-mail válido"
    }
}
HTTP/1.1 200 
Content-Type: application/json;charset=UTF-8
Content-Length: 2
Date: Fri, 11 Aug 2023 18:38:52 GMT

OK
]]></system-out>
  </testcase>
  <testcase name="naoAlterarCPFValidoPorOutroInvalidoMenorQue11_BUG" classname="test.PUTSimulacoesTest" time="0.121">
    <system-out><![CDATA[HTTP/1.1 201 
Content-Type: application/json;charset=UTF-8
Transfer-Encoding: chunked
Date: Fri, 11 Aug 2023 18:38:52 GMT

{
    "id": 108,
    "nome": "Mr. Lyndon West",
    "cpf": "57593720397",
    "email": "eric.hodkiewicz@hotmail.com",
    "valor": 17029,
    "parcelas": 4,
    "seguro": true
}
HTTP/1.1 200 
Content-Type: application/json;charset=UTF-8
Transfer-Encoding: chunked
Date: Fri, 11 Aug 2023 18:38:52 GMT

{
    "id": 108,
    "nome": "Dominic Armstrong",
    "cpf": "123",
    "email": "shane.von@gmail.com",
    "valor": 17029.00,
    "parcelas": 40,
    "seguro": true
}
HTTP/1.1 200 
Content-Type: application/json;charset=UTF-8
Content-Length: 2
Date: Fri, 11 Aug 2023 18:38:52 GMT

OK
]]></system-out>
  </testcase>
  <testcase name="naoAlterarVALORvalidoPorOutroNegativo_MELHORIA" classname="test.PUTSimulacoesTest" time="0.115">
    <system-out><![CDATA[HTTP/1.1 201 
Content-Type: application/json;charset=UTF-8
Transfer-Encoding: chunked
Date: Fri, 11 Aug 2023 18:38:52 GMT

{
    "id": 109,
    "nome": "Dannie Price",
    "cpf": "20592562713",
    "email": "jamison.lynch@gmail.com",
    "valor": 14436,
    "parcelas": 24,
    "seguro": true
}
HTTP/1.1 200 
Content-Type: application/json;charset=UTF-8
Transfer-Encoding: chunked
Date: Fri, 11 Aug 2023 18:38:52 GMT

{
    "id": 109,
    "nome": "Dexter Fisher",
    "cpf": "81362426457",
    "email": "leia.langosh@hotmail.com",
    "valor": 14436.00,
    "parcelas": 10,
    "seguro": true
}
HTTP/1.1 200 
Content-Type: application/json;charset=UTF-8
Content-Length: 2
Date: Fri, 11 Aug 2023 18:38:52 GMT

OK
]]></system-out>
  </testcase>
  <testcase name="naoAlterarVALORvalidoPorOutroMaiorQue40000_MELHORIA" classname="test.PUTSimulacoesTest" time="0.148">
    <system-out><![CDATA[HTTP/1.1 201 
Content-Type: application/json;charset=UTF-8
Transfer-Encoding: chunked
Date: Fri, 11 Aug 2023 18:38:52 GMT

{
    "id": 110,
    "nome": "Maynard Dietrich I",
    "cpf": "65452353643",
    "email": "raylene.murazik@gmail.com",
    "valor": 38414,
    "parcelas": 39,
    "seguro": true
}
HTTP/1.1 200 
Content-Type: application/json;charset=UTF-8
Transfer-Encoding: chunked
Date: Fri, 11 Aug 2023 18:38:52 GMT

{
    "id": 110,
    "nome": "Marvel Streich DDS",
    "cpf": "18681890269",
    "email": "armandina.thompson@hotmail.com",
    "valor": 38414.00,
    "parcelas": 3,
    "seguro": true
}
HTTP/1.1 200 
Content-Type: application/json;charset=UTF-8
Content-Length: 2
Date: Fri, 11 Aug 2023 18:38:52 GMT

OK
]]></system-out>
  </testcase>
  <testcase name="naoAlterarVALORvalidoPorOutroMenorQue1000_MELHORIA" classname="test.PUTSimulacoesTest" time="0.2">
    <system-out><![CDATA[HTTP/1.1 201 
Content-Type: application/json;charset=UTF-8
Transfer-Encoding: chunked
Date: Fri, 11 Aug 2023 18:38:52 GMT

{
    "id": 111,
    "nome": "Horace VonRueden",
    "cpf": "83086278510",
    "email": "darin.quitzon@hotmail.com",
    "valor": 25129,
    "parcelas": 10,
    "seguro": true
}
HTTP/1.1 200 
Content-Type: application/json;charset=UTF-8
Transfer-Encoding: chunked
Date: Fri, 11 Aug 2023 18:38:52 GMT

{
    "id": 111,
    "nome": "Diego Denesik",
    "cpf": "38929873731",
    "email": "tommie.ebert@gmail.com",
    "valor": 25129.00,
    "parcelas": 33,
    "seguro": true
}
HTTP/1.1 200 
Content-Type: application/json;charset=UTF-8
Content-Length: 2
Date: Fri, 11 Aug 2023 18:38:52 GMT

OK
]]></system-out>
  </testcase>
  <testcase name="naoAlterarPARCELAValidaPorOutraMenorQue2" classname="test.PUTSimulacoesTest" time="0.235">
    <system-out><![CDATA[HTTP/1.1 201 
Content-Type: application/json;charset=UTF-8
Transfer-Encoding: chunked
Date: Fri, 11 Aug 2023 18:38:53 GMT

{
    "id": 112,
    "nome": "Jerrie Waelchi",
    "cpf": "72728551746",
    "email": "elicia.weimann@yahoo.com",
    "valor": 31494,
    "parcelas": 44,
    "seguro": true
}
HTTP/1.1 400 
Content-Type: application/json;charset=UTF-8
Transfer-Encoding: chunked
Date: Fri, 11 Aug 2023 18:38:53 GMT
Connection: close

{
    "erros": {
        "parcelas": "Parcelas deve ser igual ou maior que 2"
    }
}
HTTP/1.1 200 
Content-Type: application/json;charset=UTF-8
Content-Length: 2
Date: Fri, 11 Aug 2023 18:38:53 GMT

OK
]]></system-out>
  </testcase>
  <testcase name="naoAlterarPARCELAValidaPorOutraNegativa" classname="test.PUTSimulacoesTest" time="0.284">
    <system-out><![CDATA[HTTP/1.1 201 
Content-Type: application/json;charset=UTF-8
Transfer-Encoding: chunked
Date: Fri, 11 Aug 2023 18:38:53 GMT

{
    "id": 113,
    "nome": "Irina Ryan",
    "cpf": "18502327582",
    "email": "jospeh.deckow@yahoo.com",
    "valor": 16895,
    "parcelas": 29,
    "seguro": true
}
HTTP/1.1 400 
Content-Type: application/json;charset=UTF-8
Transfer-Encoding: chunked
Date: Fri, 11 Aug 2023 18:38:53 GMT
Connection: close

{
    "erros": {
        "parcelas": "Parcelas deve ser igual ou maior que 2"
    }
}
HTTP/1.1 200 
Content-Type: application/json;charset=UTF-8
Content-Length: 2
Date: Fri, 11 Aug 2023 18:38:53 GMT

OK
]]></system-out>
  </testcase>
  <testcase name="naoAlterarCPFValidoPorOutroInvalidoMaiorQue11_BUG" classname="test.PUTSimulacoesTest" time="0.225">
    <system-out><![CDATA[HTTP/1.1 201 
Content-Type: application/json;charset=UTF-8
Transfer-Encoding: chunked
Date: Fri, 11 Aug 2023 18:38:53 GMT

{
    "id": 114,
    "nome": "Mr. Lorie Bogisich",
    "cpf": "22070050646",
    "email": "jene.west@hotmail.com",
    "valor": 34189,
    "parcelas": 6,
    "seguro": true
}
HTTP/1.1 200 
Content-Type: application/json;charset=UTF-8
Transfer-Encoding: chunked
Date: Fri, 11 Aug 2023 18:38:53 GMT

{
    "id": 114,
    "nome": "Ms. Gisele Schimmel",
    "cpf": "123451235344564563456",
    "email": "teodoro.fisher@hotmail.com",
    "valor": 34189.00,
    "parcelas": 34,
    "seguro": true
}
HTTP/1.1 200 
Content-Type: application/json;charset=UTF-8
Content-Length: 2
Date: Fri, 11 Aug 2023 18:38:53 GMT

OK
]]></system-out>
  </testcase>
  <testcase name="naoAlterarTODOSDadosValidosPorCampoEmBranco" classname="test.PUTSimulacoesTest" time="0.206">
    <system-out><![CDATA[HTTP/1.1 201 
Content-Type: application/json;charset=UTF-8
Transfer-Encoding: chunked
Date: Fri, 11 Aug 2023 18:38:53 GMT

{
    "id": 115,
    "nome": "August Wolf",
    "cpf": "54768364722",
    "email": "carlos.batz@hotmail.com",
    "valor": 39677,
    "parcelas": 26,
    "seguro": true
}
HTTP/1.1 400 
Content-Type: application/json;charset=UTF-8
Transfer-Encoding: chunked
Date: Fri, 11 Aug 2023 18:38:53 GMT
Connection: close

{
    "erros": {
        "email": "não é um endereço de e-mail"
    }
}
HTTP/1.1 200 
Content-Type: application/json;charset=UTF-8
Content-Length: 2
Date: Fri, 11 Aug 2023 18:38:53 GMT

OK
]]></system-out>
  </testcase>
  <testcase name="naoAlterarALGUNSDadosValidosPorCampoEmBranco" classname="test.PUTSimulacoesTest" time="0.228">
    <system-out><![CDATA[HTTP/1.1 201 
Content-Type: application/json;charset=UTF-8
Transfer-Encoding: chunked
Date: Fri, 11 Aug 2023 18:38:53 GMT

{
    "id": 116,
    "nome": "Dr. Claud Johnson",
    "cpf": "62645772301",
    "email": "ingrid.larson@hotmail.com",
    "valor": 11655,
    "parcelas": 47,
    "seguro": true
}
HTTP/1.1 400 
Content-Type: application/json;charset=UTF-8
Transfer-Encoding: chunked
Date: Fri, 11 Aug 2023 18:38:54 GMT
Connection: close

{
    "erros": {
        "email": "E-mail deve ser um e-mail válido"
    }
}
HTTP/1.1 200 
Content-Type: application/json;charset=UTF-8
Content-Length: 2
Date: Fri, 11 Aug 2023 18:38:54 GMT

OK
]]></system-out>
  </testcase>
  <testcase name="alterarSimulacao" classname="test.PUTSimulacoesTest" time="0.151">
    <system-out><![CDATA[HTTP/1.1 201 
Content-Type: application/json;charset=UTF-8
Transfer-Encoding: chunked
Date: Fri, 11 Aug 2023 18:38:54 GMT

{
    "id": 117,
    "nome": "Burt Marks",
    "cpf": "26435552352",
    "email": "bernardina.hickle@hotmail.com",
    "valor": 33379,
    "parcelas": 47,
    "seguro": true
}
HTTP/1.1 200 
Content-Type: application/json;charset=UTF-8
Transfer-Encoding: chunked
Date: Fri, 11 Aug 2023 18:38:54 GMT

{
    "id": 117,
    "nome": "Jesse McKenzie",
    "cpf": "83487367365",
    "email": "quinn.volkman@yahoo.com",
    "valor": 33379.00,
    "parcelas": 39,
    "seguro": true
}
HTTP/1.1 200 
Content-Type: application/json;charset=UTF-8
Content-Length: 2
Date: Fri, 11 Aug 2023 18:38:54 GMT

OK
]]></system-out>
  </testcase>
  <testcase name="naoAlterarNomeECPFValidosPorCampoVazio_BUG" classname="test.PUTSimulacoesTest" time="0.136">
    <system-out><![CDATA[HTTP/1.1 201 
Content-Type: application/json;charset=UTF-8
Transfer-Encoding: chunked
Date: Fri, 11 Aug 2023 18:38:54 GMT

{
    "id": 118,
    "nome": "Shira Bruen",
    "cpf": "02576337810",
    "email": "gaylord.kutch@hotmail.com",
    "valor": 17358,
    "parcelas": 6,
    "seguro": true
}
HTTP/1.1 200 
Content-Type: application/json;charset=UTF-8
Transfer-Encoding: chunked
Date: Fri, 11 Aug 2023 18:38:54 GMT

{
    "id": 118,
    "nome": "",
    "cpf": "",
    "email": "emmett.heathcote@gmail.com",
    "valor": 17358.00,
    "parcelas": 25,
    "seguro": true
}
HTTP/1.1 200 
Content-Type: application/json;charset=UTF-8
Content-Length: 2
Date: Fri, 11 Aug 2023 18:38:54 GMT

OK
]]></system-out>
  </testcase>
</testsuite>